\BOOKMARK [0][-]{chapter.1}{\376\377\000M\000\351\000c\000a\000n\000i\000q\000u\000e\000\040\000d\000e\000s\000\040\000f\000l\000u\000i\000d\000e\000s\000\040\000n\000u\000m\000\351\000r\000i\000q\000u\000e}{}% 1
\BOOKMARK [1][-]{section.1.1}{\376\377\000i\000n\000t\000r\000o\000d\000u\000c\000t\000i\000o\000n}{chapter.1}% 2
\BOOKMARK [1][-]{section.1.2}{\376\377\000E\000q\000u\000a\000t\000i\000o\000n\000s\000\040\000d\000e\000\040\000d\000y\000n\000a\000m\000i\000q\000u\000e\000\040\000d\000e\000s\000\040\000f\000l\000u\000i\000d\000e\000s}{chapter.1}% 3
\BOOKMARK [2][-]{subsection.1.2.1}{\376\377\000N\000a\000v\000i\000e\000r\000-\000S\000t\000o\000k\000e\000s}{section.1.2}% 4
\BOOKMARK [2][-]{subsection.1.2.2}{\376\377\000E\000u\000l\000e\000r}{section.1.2}% 5
\BOOKMARK [2][-]{subsection.1.2.3}{\376\377\000S\000i\000m\000u\000l\000a\000t\000i\000o\000n\000\040\000R\000A\000N\000S}{section.1.2}% 6
\BOOKMARK [1][-]{section.1.3}{\376\377\000m\000e\000t\000h\000o\000d\000e\000\040\000n\000u\000m\000e\000r\000i\000q\000u\000e}{chapter.1}% 7
\BOOKMARK [2][-]{subsection.1.3.1}{\376\377\000S\000i\000m\000u\000l\000a\000t\000i\000o\000n\000\040\000N\000u\000m\000\351\000r\000i\000q\000u\000e\000\040\000D\000i\000r\000e\000c\000t\000e}{section.1.3}% 8
\BOOKMARK [2][-]{subsection.1.3.2}{\376\377\000S\000i\000m\000u\000l\000a\000t\000i\000o\000n\000\040\000d\000e\000s\000\040\000G\000r\000a\000n\000d\000e\000s\000\040\000\311\000c\000h\000e\000l\000l\000e\000s}{section.1.3}% 9
\BOOKMARK [1][-]{section.1.4}{\376\377\000C\000o\000n\000c\000l\000u\000s\000i\000o\000n}{chapter.1}% 10
\BOOKMARK [0][-]{chapter.2}{\376\377\000M\000\351\000t\000h\000o\000d\000e\000\040\000n\000u\000m\000\351\000r\000i\000q\000u\000e\000\040\000d\000u\000\040\000c\000o\000d\000e\000\040\000H\000y\000p\000e\000r\000i\000o\000n\000\040\000e\000n\000\040\0002\000D}{}% 11
\BOOKMARK [1][-]{subsection.2.0.1}{\376\377\000C\000a\000r\000t\000e\000s\000i\000a\000n\000\040\000f\000l\000u\000i\000d\000\040\000d\000o\000m\000a\000i\000n\000\040\000d\000i\000s\000c\000r\000e\000t\000i\000z\000a\000t\000i\000o\000n}{chapter.2}% 12
\BOOKMARK [2][-]{subsection.2.0.2}{\376\377\000S\000h\000a\000r\000p\000\040\000i\000m\000m\000e\000r\000s\000e\000d\000\040\000b\000o\000u\000n\000d\000a\000r\000y\000\040\000c\000o\000n\000d\000i\000t\000i\000o\000n\000s}{subsection.2.0.1}% 13
\BOOKMARK [1][-]{section.2.1}{\376\377\000A\000\040\000F\000A\000S\000T\000\040\000R\000A\000S\000T\000E\000R\000I\000Z\000A\000T\000I\000O\000N\000\040\000A\000L\000G\000O\000R\000I\000T\000H\000M\000\040\000T\000O\000\040\000D\000E\000T\000E\000C\000T\000\040\000I\000M\000M\000E\000R\000S\000E\000D\000\040\000C\000E\000L\000L\000S}{chapter.2}% 14
\BOOKMARK [1][-]{section.2.2}{\376\377\000M\000I\000G\000R\000A\000T\000A\000B\000L\000E\000\040\000T\000A\000S\000K\000S\000\040\000F\000O\000R\000\040\000T\000H\000E\000\040\000M\000A\000S\000S\000I\000V\000E\000\040\000P\000A\000R\000A\000L\000L\000E\000L\000I\000Z\000A\000T\000I\000O\000N\000\040\000O\000F\000\040\000T\000H\000E\000\040\000R\000E\000C\000O\000N\000S\000T\000R\000U\000C\000T\000I\000O\000N\000\040\000A\000L\000G\000O\000R\000I\000T\000H\000M}{chapter.2}% 15
\BOOKMARK [1][-]{section.2.3}{\376\377\000T\000O\000W\000A\000R\000D\000S\000\040\000H\000I\000G\000H\000-\000F\000I\000D\000E\000L\000I\000T\000Y\000\040\000S\000I\000M\000U\000L\000A\000T\000I\000O\000N\000S}{chapter.2}% 16
\BOOKMARK [2][-]{subsection.2.3.1}{\376\377\000T\000a\000y\000l\000o\000r\000-\000G\000r\000e\000e\000n\000\040\000V\000o\000r\000t\000e\000x}{section.2.3}% 17
\BOOKMARK [2][-]{subsection.2.3.2}{\376\377\000D\000o\000u\000b\000l\000e\000\040\000c\000o\000n\000e}{section.2.3}% 18
\BOOKMARK [2][-]{subsection.2.3.3}{\376\377\000F\000l\000o\000w\000\040\000s\000t\000u\000d\000y\000\040\000a\000r\000o\000u\000n\000d\000\040\000a\000\040\000d\000o\000u\000b\000l\000e\000\040\000e\000l\000l\000i\000p\000s\000o\000i\000d\000\040\000c\000o\000n\000f\000i\000g\000u\000r\000a\000t\000i\000o\000n}{section.2.3}% 19
\BOOKMARK [1][-]{section.2.4}{\376\377\000C\000O\000N\000C\000L\000U\000S\000I\000O\000N\000S}{chapter.2}% 20
\BOOKMARK [0][-]{chapter.3}{\376\377\000T\000o\000p\000o\000l\000o\000g\000i\000e}{}% 21
\BOOKMARK [1][-]{section.3.1}{\376\377\000I\000n\000t\000r\000o\000d\000u\000c\000t\000i\000o\000n}{chapter.3}% 22
\BOOKMARK [2][-]{subsection.3.1.1}{\376\377\000R\000e\000l\000a\000t\000e\000d\000\040\000w\000o\000r\000k}{section.3.1}% 23
\BOOKMARK [2][-]{subsection.3.1.2}{\376\377\000C\000o\000n\000t\000r\000i\000b\000u\000t\000i\000o\000n\000s}{section.3.1}% 24
\BOOKMARK [2][-]{subsection.3.1.3}{\376\377\000T\000o\000p\000o\000l\000o\000g\000i\000c\000a\000l\000\040\000d\000a\000t\000a\000\040\000a\000n\000a\000l\000y\000s\000i\000s}{section.3.1}% 25
\BOOKMARK [1][-]{section.3.2}{\376\377\000B\000a\000c\000k\000g\000r\000o\000u\000n\000d}{chapter.3}% 26
\BOOKMARK [2][-]{subsection.3.2.1}{\376\377\000N\000u\000m\000e\000r\000i\000c\000a\000l\000\040\000s\000i\000m\000u\000l\000a\000t\000i\000o\000n}{section.3.2}% 27
\BOOKMARK [1][-]{section.3.3}{\376\377\000C\000a\000s\000e\000\040\000S\000t\000u\000d\000y}{chapter.3}% 28
\BOOKMARK [2][-]{subsection.3.3.1}{\376\377\000D\000a\000t\000a\000\040\000d\000e\000s\000c\000r\000i\000p\000t\000i\000o\000n}{section.3.3}% 29
\BOOKMARK [2][-]{subsection.3.3.2}{\376\377\000P\000r\000o\000b\000l\000e\000m\000\040\000s\000t\000a\000t\000e\000m\000e\000n\000t}{section.3.3}% 30
\BOOKMARK [2][-]{subsection.3.3.3}{\376\377\000C\000F\000D\000\040\000H\000y\000p\000o\000t\000h\000e\000s\000e\000s}{section.3.3}% 31
\BOOKMARK [2][-]{subsection.3.3.4}{\376\377\000B\000a\000s\000e\000l\000i\000n\000e\000\040\000a\000n\000a\000l\000y\000s\000i\000s}{section.3.3}% 32
\BOOKMARK [1][-]{section.3.4}{\376\377\000E\000v\000a\000l\000u\000a\000t\000i\000o\000n\000\040\000p\000r\000o\000t\000o\000c\000o\000l\000s}{chapter.3}% 33
\BOOKMARK [2][-]{subsection.3.4.1}{\376\377\000P\000e\000r\000s\000i\000s\000t\000e\000n\000c\000e\000\040\000c\000u\000r\000v\000e\000s}{section.3.4}% 34
\BOOKMARK [2][-]{subsection.3.4.2}{\376\377\000O\000u\000t\000l\000i\000e\000r\000\040\000d\000i\000s\000t\000a\000n\000c\000e\000\040\000p\000r\000o\000f\000i\000l\000e}{section.3.4}% 35
\BOOKMARK [2][-]{subsection.3.4.3}{\376\377\000U\000n\000s\000u\000p\000e\000r\000v\000i\000s\000e\000d\000\040\000c\000l\000a\000s\000s\000i\000f\000i\000c\000a\000t\000i\000o\000n}{section.3.4}% 36
\BOOKMARK [1][-]{section.3.5}{\376\377\000R\000e\000s\000u\000l\000t\000s}{chapter.3}% 37
\BOOKMARK [2][-]{subsection.3.5.1}{\376\377\000P\000e\000r\000s\000i\000s\000t\000e\000n\000c\000e\000\040\000c\000u\000r\000v\000e\000\040\000s\000t\000u\000d\000y}{section.3.5}% 38
\BOOKMARK [2][-]{subsection.3.5.2}{\376\377\000O\000u\000t\000l\000i\000e\000r\000\040\000d\000i\000s\000t\000a\000n\000c\000e\000\040\000p\000r\000o\000f\000i\000l\000e\000\040\000s\000t\000u\000d\000y}{section.3.5}% 39
\BOOKMARK [2][-]{subsection.3.5.3}{\376\377\000U\000n\000s\000u\000p\000e\000r\000v\000i\000s\000e\000d\000\040\000c\000l\000a\000s\000s\000i\000f\000i\000c\000a\000t\000i\000o\000n\000\040\000s\000t\000u\000d\000y}{section.3.5}% 40
\BOOKMARK [2][-]{subsection.3.5.4}{\376\377\000U\000n\000a\000n\000t\000i\000c\000i\000p\000a\000t\000e\000d\000\040\000i\000n\000s\000i\000g\000h\000t\000s}{section.3.5}% 41
\BOOKMARK [2][-]{subsection.3.5.5}{\376\377\000L\000i\000m\000i\000t\000a\000t\000i\000o\000n\000s}{section.3.5}% 42
\BOOKMARK [1][-]{section.3.6}{\376\377\000C\000o\000n\000c\000l\000u\000s\000i\000o\000n}{chapter.3}% 43
\BOOKMARK [0][-]{chapter.4}{\376\377\000M\000\351\000t\000h\000o\000d\000e\000\040\000n\000u\000m\000\351\000r\000i\000q\000u\000e\000\040\000d\000u\000\040\000c\000o\000d\000e\000\040\000H\000y\000p\000e\000r\000i\000o\000n\000\040\000e\000n\000\040\0003\000D}{}% 44
\BOOKMARK [0][-]{chapter.5}{\376\377\000W\000a\000l\000l\000\040\000m\000o\000d\000e\000l\000\040\000a\000d\000a\000p\000t\000e\000d\000\040\000t\000o\000\040\000h\000y\000p\000e\000r\000s\000o\000n\000i\000c\000\040\000f\000l\000o\000w\000\040\000a\000n\000d\000\040\000I\000B\000M}{}% 45
\BOOKMARK [1][-]{section.5.1}{\376\377\000C\000o\000m\000p\000o\000r\000t\000m\000e\000n\000t\000\040\000d\000'\000u\000n\000e\000\040\000c\000o\000u\000c\000h\000e\000\040\000l\000i\000m\000l\000i\000t\000e}{chapter.5}% 46
\BOOKMARK [2][-]{subsection.5.1.1}{\376\377\000E\000q\000u\000a\000t\000i\000o\000n\000\040\000d\000'\000u\000n\000e\000\040\000c\000o\000u\000c\000h\000e\000\040\000L\000i\000m\000i\000t\000e\000\040\000e\000t\000\040\000d\000e\000s\000c\000r\000i\000p\000t\000i\000o\000n}{section.5.1}% 47
\BOOKMARK [2][-]{subsection.5.1.2}{\376\377\000P\000o\000u\000r\000q\000u\000o\000i\000\040\000u\000t\000i\000l\000i\000s\000\351\000\040\000u\000n\000e\000\040\000l\000o\000i\000\040\000d\000e\000\040\000p\000a\000r\000o\000i}{section.5.1}% 48
\BOOKMARK [1][-]{section.5.2}{\376\377\000i\000n\000t\000r\000o\000d\000u\000c\000t\000i\000o\000n\000\040\000\340\000\040\000l\000a\000\040\000m\000o\000d\000e\000l\000i\000s\000a\000t\000i\000o\000n\000\040\000d\000e\000\040\000p\000a\000r\000o\000i}{chapter.5}% 49
\BOOKMARK [2][-]{subsection.5.2.1}{\376\377\000M\000o\000d\000\351\000l\000i\000s\000a\000t\000i\000o\000n\000\040\000\340\000\040\000l\000a\000\040\000p\000a\000r\000o\000i}{section.5.2}% 50
\BOOKMARK [2][-]{subsection.5.2.2}{\376\377\000m\000o\000d\000e\000l\000e\000\040\000a\000l\000g\000e\000b\000r\000i\000q\000u\000e}{section.5.2}% 51
\BOOKMARK [2][-]{subsection.5.2.3}{\376\377\000m\000o\000d\000e\000l\000e\000\040\000T\000B\000L\000E}{section.5.2}% 52
\BOOKMARK [2][-]{subsection.5.2.4}{\376\377\000M\000o\000d\000e\000l\000e\000\040\000p\000o\000u\000r\000\040\000L\000E\000S}{section.5.2}% 53
\BOOKMARK [2][-]{subsection.5.2.5}{\376\377\000L\000i\000m\000i\000t\000a\000t\000i\000o\000n\000s\000\040\000L\000E\000S}{section.5.2}% 54
\BOOKMARK [1][-]{section.5.3}{\376\377\000I\000m\000p\000l\000\351\000m\000e\000n\000t\000a\000t\000i\000o\000n\000\040\000d\000u\000\040\000m\000o\000d\000e\000l\000e\000\040\000d\000a\000\040\000p\000a\000r\000o\000i\000\040\000d\000a\000n\000s\000\040\000h\000y\000p\000e\000r\000i\000o\000n}{chapter.5}% 55
\BOOKMARK [2][-]{subsection.5.3.1}{\376\377\000M\000o\000d\000e\000l\000e\000\040\000c\000h\000o\000i\000s\000i}{section.5.3}% 56
\BOOKMARK [2][-]{subsection.5.3.2}{\376\377\000I\000m\000p\000l\000\351\000m\000e\000n\000t\000a\000i\000o\000n\000\040\000d\000e\000s\000\040\000c\000o\000n\000d\000i\000t\000i\000o\000n\000s\000\040\000l\000i\000m\000i\000t\000e\000s}{section.5.3}% 57
\BOOKMARK [2][-]{subsection.5.3.3}{\376\377\000I\000m\000p\000l\000\351\000m\000e\000n\000t\000a\000t\000i\000o\000n\000\040\000d\000e\000\040\000l\000a\000\040\000m\000e\000t\000h\000o\000d\000e\000\040\000a\000v\000e\000c\000\040\000l\000e\000s\000\040\000s\000o\000n\000d\000e\000s}{section.5.3}% 58
\BOOKMARK [1][-]{section.5.4}{\376\377\000R\000\351\000s\000u\000l\000t\000a\000t\000s\000\040\0002\000D}{chapter.5}% 59
\BOOKMARK [1][-]{section.5.5}{\376\377\000R\000\351\000s\000u\000l\000t\000a\000t\000\040\0003\000D}{chapter.5}% 60
